<?xml version="1.0" encoding="UTF-8"?>
<!-- Generated by org.testng.reporters.JUnitReportReporter -->
<testsuite skipped="0" hostname="DESKTOP-3V8PPB6" name="com.training.sanity.tests.OrderRetailTestNew" tests="1" failures="0" timestamp="28 Oct 2019 13:42:40 GMT" time="19.009" errors="0">
  <testcase name="doTestCase" time="19.009" classname="com.training.sanity.tests.OrderRetailTestNew"/>
</testsuite> <!-- com.training.sanity.tests.OrderRetailTestNew -->
