<?xml version="1.0" encoding="UTF-8"?>
<!-- Generated by org.testng.reporters.JUnitReportReporter -->
<testsuite skipped="0" hostname="DESKTOP-3V8PPB6" name="com.training.sanity.tests.CustomerRetailTest" tests="1" failures="0" timestamp="30 Oct 2019 06:56:22 GMT" time="21.986" errors="0">
  <testcase name="testCustomerRetailPOM" time="21.986" classname="com.training.sanity.tests.CustomerRetailTest"/>
</testsuite> <!-- com.training.sanity.tests.CustomerRetailTest -->
