<?xml version="1.0" encoding="UTF-8"?>
<!-- Generated by org.testng.reporters.JUnitReportReporter -->
<testsuite skipped="0" hostname="DESKTOP-3V8PPB6" name="com.training.sanity.tests.AdminCategoryEditwithWrongValuePOMTest" tests="4" failures="0" timestamp="11 Nov 2019 10:02:13 GMT" time="113.784" errors="0">
  <testcase name="senddetailstocategoryTest" time="30.945" classname="com.training.sanity.tests.AdminCategoryEditwithWrongValuePOMTest"/>
  <testcase name="senddetailstocategoryTest" time="32.470" classname="com.training.sanity.tests.AdminCategoryEditwithWrongValuePOMTest"/>
  <testcase name="senddetailstocategoryTest" time="23.304" classname="com.training.sanity.tests.AdminCategoryEditwithWrongValuePOMTest"/>
  <testcase name="senddetailstocategoryTest" time="27.065" classname="com.training.sanity.tests.AdminCategoryEditwithWrongValuePOMTest"/>
</testsuite> <!-- com.training.sanity.tests.AdminCategoryEditwithWrongValuePOMTest -->
