<?xml version="1.0" encoding="UTF-8"?>
<!-- Generated by org.testng.reporters.JUnitReportReporter -->
<testsuite skipped="0" hostname="DESKTOP-3V8PPB6" name="com.training.sanity.tests.CategoryMediumPOMTest" tests="3" failures="0" timestamp="08 Nov 2019 11:17:06 GMT" time="64.498" errors="0">
  <testcase name="clickcatalogTest" time="19.063" classname="com.training.sanity.tests.CategoryMediumPOMTest"/>
  <testcase name="clickCategoryiconTest" time="22.621" classname="com.training.sanity.tests.CategoryMediumPOMTest"/>
  <testcase name="clickProductlinkTest" time="22.814" classname="com.training.sanity.tests.CategoryMediumPOMTest"/>
</testsuite> <!-- com.training.sanity.tests.CategoryMediumPOMTest -->
