<?xml version="1.0" encoding="UTF-8"?>
<!-- Generated by org.testng.reporters.JUnitReportReporter -->
<testsuite skipped="0" hostname="DESKTOP-3V8PPB6" name="com.training.sanity.tests.CustomerRetailMediumTest" tests="1" failures="0" timestamp="06 Nov 2019 11:11:19 GMT" time="26.973" errors="0">
  <testcase name="EditCustomerInfo" time="26.973" classname="com.training.sanity.tests.CustomerRetailMediumTest"/>
</testsuite> <!-- com.training.sanity.tests.CustomerRetailMediumTest -->
