<?xml version="1.0" encoding="UTF-8"?>
<!-- Generated by org.testng.reporters.JUnitReportReporter -->
<testsuite skipped="0" hostname="DESKTOP-3V8PPB6" name="com.training.sanity.tests.AdminOrderChangePOMTest" tests="2" failures="0" timestamp="08 Nov 2019 10:25:30 GMT" time="73.363" errors="0">
  <testcase name="clickonsalesTest" time="20.295" classname="com.training.sanity.tests.AdminOrderChangePOMTest"/>
  <testcase name="clickonOrdersTest" time="53.068" classname="com.training.sanity.tests.AdminOrderChangePOMTest"/>
</testsuite> <!-- com.training.sanity.tests.AdminOrderChangePOMTest -->
