<?xml version="1.0" encoding="UTF-8"?>
<!-- Generated by org.testng.reporters.JUnitReportReporter -->
<testsuite skipped="0" hostname="DESKTOP-3V8PPB6" name="com.training.sanity.tests.ReturnRetailTest" tests="1" failures="0" timestamp="30 Oct 2019 11:05:24 GMT" time="24.128" errors="0">
  <testcase name="ReturnDetailsPageTest" time="24.128" classname="com.training.sanity.tests.ReturnRetailTest"/>
</testsuite> <!-- com.training.sanity.tests.ReturnRetailTest -->
