<?xml version="1.0" encoding="UTF-8"?>
<!-- Generated by org.testng.reporters.JUnitReportReporter -->
<testsuite skipped="0" hostname="DESKTOP-3V8PPB6" name="com.training.sanity.tests.AdminOrderFilterMediumPOMTest" tests="2" failures="0" timestamp="08 Nov 2019 11:54:54 GMT" time="58.530" errors="0">
  <testcase name="clickonsalesTest" time="22.243" classname="com.training.sanity.tests.AdminOrderFilterMediumPOMTest"/>
  <testcase name="clickonOrdersTest" time="36.287" classname="com.training.sanity.tests.AdminOrderFilterMediumPOMTest"/>
</testsuite> <!-- com.training.sanity.tests.AdminOrderFilterMediumPOMTest -->
