<?xml version="1.0" encoding="UTF-8"?>
<!-- Generated by org.testng.reporters.JUnitReportReporter -->
<testsuite skipped="0" hostname="DESKTOP-3V8PPB6" name="com.training.sanity.tests.AdminReturnProductMediumTest" tests="1" failures="0" timestamp="08 Nov 2019 12:43:47 GMT" time="21.931" errors="0">
  <testcase name="deletetest" time="21.931" classname="com.training.sanity.tests.AdminReturnProductMediumTest"/>
</testsuite> <!-- com.training.sanity.tests.AdminReturnProductMediumTest -->
