<?xml version="1.0" encoding="UTF-8"?>
<!-- Generated by org.testng.reporters.JUnitReportReporter -->
<testsuite skipped="0" hostname="DESKTOP-3V8PPB6" name="com.training.sanity.tests.CustomerRetailMediumTest" tests="1" failures="0" timestamp="08 Nov 2019 11:02:06 GMT" time="23.039" errors="0">
  <testcase name="EditCustomerInfo" time="23.039" classname="com.training.sanity.tests.CustomerRetailMediumTest"/>
</testsuite> <!-- com.training.sanity.tests.CustomerRetailMediumTest -->
