<?xml version="1.0" encoding="UTF-8"?>
<!-- Generated by org.testng.reporters.JUnitReportReporter -->
<testsuite skipped="0" hostname="DESKTOP-3V8PPB6" name="com.training.sanity.tests.ReturnRetailTestfirst" tests="1" failures="0" timestamp="30 Oct 2019 10:52:50 GMT" time="22.083" errors="0">
  <testcase name="ReturnDetailsPageTest" time="22.083" classname="com.training.sanity.tests.ReturnRetailTestfirst"/>
</testsuite> <!-- com.training.sanity.tests.ReturnRetailTestfirst -->
