<?xml version="1.0" encoding="UTF-8"?>
<!-- Generated by org.testng.reporters.JUnitReportReporter -->
<testsuite skipped="0" hostname="DESKTOP-3V8PPB6" name="com.training.sanity.tests.LoginRetailTest" tests="1" failures="0" timestamp="25 Oct 2019 11:17:14 GMT" time="24.982" errors="0">
  <testcase name="validLoginTest" time="24.982" classname="com.training.sanity.tests.LoginRetailTest"/>
</testsuite> <!-- com.training.sanity.tests.LoginRetailTest -->
