<?xml version="1.0" encoding="UTF-8"?>
<!-- Generated by org.testng.reporters.JUnitReportReporter -->
<testsuite skipped="0" hostname="DESKTOP-3V8PPB6" name="com.training.sanity.tests.CategoryRetailPOMMediumTest" tests="3" failures="0" timestamp="08 Nov 2019 11:13:43 GMT" time="66.514" errors="0">
  <testcase name="clickcatalogTest" time="19.216" classname="com.training.sanity.tests.CategoryRetailPOMMediumTest"/>
  <testcase name="clickCategoryiconTest" time="23.531" classname="com.training.sanity.tests.CategoryRetailPOMMediumTest"/>
  <testcase name="clickProductlinkTest" time="23.767" classname="com.training.sanity.tests.CategoryRetailPOMMediumTest"/>
</testsuite> <!-- com.training.sanity.tests.CategoryRetailPOMMediumTest -->
