<?xml version="1.0" encoding="UTF-8"?>
<!-- Generated by org.testng.reporters.JUnitReportReporter -->
<testsuite skipped="0" hostname="DESKTOP-3V8PPB6" name="com.training.sanity.tests.OrderRetailTest" tests="1" failures="0" timestamp="29 Oct 2019 11:59:59 GMT" time="25.046" errors="0">
  <testcase name="clickonSalesTest" time="25.046" classname="com.training.sanity.tests.OrderRetailTest"/>
</testsuite> <!-- com.training.sanity.tests.OrderRetailTest -->
