<?xml version="1.0" encoding="UTF-8"?>
<!-- Generated by org.testng.reporters.JUnitReportReporter -->
<testsuite skipped="0" hostname="DESKTOP-3V8PPB6" name="com.training.sanity.tests.OrderRetailMediumTest" tests="2" failures="0" timestamp="06 Nov 2019 12:53:40 GMT" time="36.620" errors="0">
  <testcase name="clickonsalesTest" time="18.658" classname="com.training.sanity.tests.OrderRetailMediumTest"/>
  <testcase name="clickonOrdersTest" time="17.962" classname="com.training.sanity.tests.OrderRetailMediumTest"/>
</testsuite> <!-- com.training.sanity.tests.OrderRetailMediumTest -->
