<?xml version="1.0" encoding="UTF-8"?>
<!-- Generated by org.testng.reporters.JUnitReportReporter -->
<testsuite skipped="0" hostname="DESKTOP-3V8PPB6" name="com.training.sanity.tests.AdminCustomerEditlMediumTest" tests="1" failures="0" timestamp="08 Nov 2019 11:26:14 GMT" time="24.430" errors="0">
  <testcase name="EditCustomerInfo" time="24.430" classname="com.training.sanity.tests.AdminCustomerEditlMediumTest"/>
</testsuite> <!-- com.training.sanity.tests.AdminCustomerEditlMediumTest -->
